dammif ........................................... : r10552
Log opened ....................................... : 15-Oct-2019, 16:54:05
Run as:
Full command line ................................ : dammif P1_1_P1_Buffer_0013c.out -m=slow -s=P1 --omit-solvent --max-bead-count=70000 -u=nanometer -p=rpol1_8 --seed=2116935195
Configuration mode ............................... : slow
Angular units .................................... : nanometre
Prefix ........................................... : rpol1_8
Omit output of solvent ........................... : yes
GNOM input file .................................. : P1_1_P1_Buffer_0013c.out
Expected particle anisometry ..................... : unknown
Enforced particle symmetry ....................... : p1
Pseudo-chains in PDB output ...................... : no
GNOM file:
Title ............................................ :
Angular units .................................... : nanometre
Maximum particle diameter [Angstrom] ............. : 200.
Radius of gyration [Angstrom] .................... : 61.7
Minimum s [1/Angstrom] ........................... : 0.00
Maximum s [1/Angstrom] ........................... : 0.293
Configured as:
Shape class ...................................... : compact
Approx. shape dimension (ri) ..................... : 0.00
Approx. shape dimension (ro) ..................... : 79.7
Approx. shape dimension (h) ...................... : 0.00
Dummy atom radius ................................ : 3.30
Number of spherical harmonics .................... : 20
Proportion of the curve to be fitted ............. : 1.00
Maximum s [1/Angstrom] ........................... : 0.293
Number of shannon channels ....................... : 19
Number of supporting points in spline approx. .... : 19
Probability that the spline approx. fits the data  : 0.135E-13
Weighting function ............................... : emphasised porod
Initial random seed .............................. : 2116935195
Maximum number of steps .......................... : 400
Maximum number of iterations ..................... : 100000
Minumum number of successes ...................... : 50
Maximum number of successes ...................... : 10000
Temperature scheduling factor .................... : 0.950
Rg penalty weight ................................ : 0.100E-02
Center penalty weight ............................ : 0.100E-04
Looseness penalty weight ......................... : 0.100E-01
Anisometry penalty weight ........................ : 0.00
Constant subtraction ............................. : skipped (unable to determine constant)
Annealing procedure status ....................... : warming up
Initial Rg penalty ............................... : 0.523E-03
Initial Center penalty ........................... : 0.247E-14
Initial Looseness penalty ........................ : 0.371E-02
Annealing procedure status ....................... : started
Step:    1, T: 0.653E-05, 6673/18033, Succ: 10000, Eval: 16019, CPU: 00:00:02
 Rf: 0.1144, Los: 0.08, Rg: 0.24, Cen: 0.78, Ani: 0.00, Fit: 0.1190
Step:    2, T: 0.620E-05, 5971/20720, Succ: 10000, Eval: 35269, CPU: 00:00:08
 Rf: 0.1035, Los: 0.12, Rg: 0.00, Cen: 0.74, Ani: 0.00, Fit: 0.1093
Step:    3, T: 0.589E-05, 5779/22628, Succ: 10000, Eval: 57677, CPU: 00:00:14
 Rf: 0.0925, Los: 0.13, Rg: 0.00, Cen: 0.55, Ani: 0.00, Fit: 0.0993
Step:    4, T: 0.559E-05, 5741/23997, Succ: 10000, Eval: 81439, CPU: 00:00:20
 Rf: 0.0868, Los: 0.13, Rg: 0.02, Cen: 1.41, Ani: 0.00, Fit: 0.0939
Step:    5, T: 0.532E-05, 5607/25042, Succ: 10000, Eval: 105578, CPU: 00:00:26
 Rf: 0.0799, Los: 0.12, Rg: 0.02, Cen: 1.93, Ani: 0.00, Fit: 0.0875
Step:    6, T: 0.505E-05, 5471/25716, Succ: 10000, Eval: 130037, CPU: 00:00:31
 Rf: 0.0775, Los: 0.13, Rg: 0.02, Cen: 1.86, Ani: 0.00, Fit: 0.0855
Step:    7, T: 0.480E-05, 5433/26434, Succ: 10000, Eval: 154474, CPU: 00:00:36
 Rf: 0.0739, Los: 0.12, Rg: 0.02, Cen: 1.59, Ani: 0.00, Fit: 0.0821
Step:    8, T: 0.456E-05, 5359/27014, Succ: 10000, Eval: 178385, CPU: 00:00:41
 Rf: 0.0722, Los: 0.12, Rg: 0.03, Cen: 3.04, Ani: 0.00, Fit: 0.0806
Step:    9, T: 0.433E-05, 5315/27439, Succ: 10000, Eval: 202466, CPU: 00:00:46
 Rf: 0.0702, Los: 0.12, Rg: 0.01, Cen: 2.70, Ani: 0.00, Fit: 0.0787
Step:   10, T: 0.411E-05, 5159/27810, Succ: 10000, Eval: 225830, CPU: 00:00:49
 Rf: 0.0667, Los: 0.13, Rg: 0.01, Cen: 1.78, Ani: 0.00, Fit: 0.0758
Step:   11, T: 0.391E-05, 5239/28139, Succ: 10000, Eval: 249259, CPU: 00:00:53
 Rf: 0.0641, Los: 0.12, Rg: 0.03, Cen: 0.54, Ani: 0.00, Fit: 0.0733
Step:   12, T: 0.371E-05, 5177/28466, Succ: 10000, Eval: 273000, CPU: 00:00:57
 Rf: 0.0613, Los: 0.12, Rg: 0.01, Cen: 0.57, Ani: 0.00, Fit: 0.0703
Step:   13, T: 0.353E-05, 5043/28669, Succ: 10000, Eval: 296846, CPU: 00:01:01
 Rf: 0.0571, Los: 0.12, Rg: 0.01, Cen: 0.68, Ani: 0.00, Fit: 0.0671
Step:   14, T: 0.335E-05, 5049/28922, Succ: 10000, Eval: 320559, CPU: 00:01:04
 Rf: 0.0561, Los: 0.12, Rg: 0.01, Cen: 0.80, Ani: 0.00, Fit: 0.0658
Step:   15, T: 0.318E-05, 5037/29132, Succ: 10000, Eval: 343692, CPU: 00:01:07
 Rf: 0.0530, Los: 0.12, Rg: 0.00, Cen: 0.69, Ani: 0.00, Fit: 0.0630
Step:   16, T: 0.302E-05, 4947/29361, Succ: 10000, Eval: 367290, CPU: 00:01:11
 Rf: 0.0512, Los: 0.12, Rg: 0.01, Cen: 0.89, Ani: 0.00, Fit: 0.0618
Step:   17, T: 0.287E-05, 4959/29482, Succ: 10000, Eval: 390492, CPU: 00:01:14
 Rf: 0.0500, Los: 0.11, Rg: 0.00, Cen: 0.33, Ani: 0.00, Fit: 0.0601
Step:   18, T: 0.273E-05, 4825/29592, Succ: 10000, Eval: 413044, CPU: 00:01:17
 Rf: 0.0470, Los: 0.11, Rg: 0.00, Cen: 0.43, Ani: 0.00, Fit: 0.0578
Step:   19, T: 0.259E-05, 4813/29739, Succ: 10000, Eval: 434328, CPU: 00:01:20
 Rf: 0.0458, Los: 0.11, Rg: 0.00, Cen: 0.44, Ani: 0.00, Fit: 0.0566
Step:   20, T: 0.246E-05, 4865/29903, Succ: 10000, Eval: 456491, CPU: 00:01:22
 Rf: 0.0454, Los: 0.11, Rg: 0.00, Cen: 0.44, Ani: 0.00, Fit: 0.0559
Step:   21, T: 0.234E-05, 4773/30106, Succ: 10000, Eval: 478577, CPU: 00:01:25
 Rf: 0.0423, Los: 0.10, Rg: 0.00, Cen: 0.32, Ani: 0.00, Fit: 0.0533
Step:   22, T: 0.222E-05, 4731/30217, Succ: 10000, Eval: 499825, CPU: 00:01:27
 Rf: 0.0401, Los: 0.10, Rg: 0.00, Cen: 1.11, Ani: 0.00, Fit: 0.0515
Step:   23, T: 0.211E-05, 4769/30368, Succ: 10000, Eval: 521982, CPU: 00:01:30
 Rf: 0.0397, Los: 0.10, Rg: 0.00, Cen: 0.48, Ani: 0.00, Fit: 0.0511
Step:   24, T: 0.201E-05, 4671/30451, Succ: 10000, Eval: 543594, CPU: 00:01:32
 Rf: 0.0376, Los: 0.10, Rg: 0.00, Cen: 0.52, Ani: 0.00, Fit: 0.0494
Step:   25, T: 0.191E-05, 4691/30551, Succ: 10000, Eval: 565089, CPU: 00:01:34
 Rf: 0.0363, Los: 0.10, Rg: 0.00, Cen: 0.97, Ani: 0.00, Fit: 0.0480
Step:   26, T: 0.181E-05, 4603/30659, Succ: 10000, Eval: 586701, CPU: 00:01:37
 Rf: 0.0344, Los: 0.10, Rg: 0.00, Cen: 0.41, Ani: 0.00, Fit: 0.0465
Step:   27, T: 0.172E-05, 4525/30717, Succ: 10000, Eval: 607857, CPU: 00:01:39
 Rf: 0.0327, Los: 0.10, Rg: 0.00, Cen: 0.30, Ani: 0.00, Fit: 0.0451
Step:   28, T: 0.163E-05, 4585/30811, Succ: 10000, Eval: 629339, CPU: 00:01:41
 Rf: 0.0322, Los: 0.10, Rg: 0.00, Cen: 0.67, Ani: 0.00, Fit: 0.0447
Step:   29, T: 0.155E-05, 4537/30875, Succ: 10000, Eval: 650742, CPU: 00:01:43
 Rf: 0.0306, Los: 0.09, Rg: 0.00, Cen: 0.16, Ani: 0.00, Fit: 0.0433
Step:   30, T: 0.147E-05, 4479/30956, Succ: 10000, Eval: 672212, CPU: 00:01:45
 Rf: 0.0292, Los: 0.09, Rg: 0.00, Cen: 0.23, Ani: 0.00, Fit: 0.0421
Step:   31, T: 0.140E-05, 4463/31036, Succ: 10000, Eval: 693508, CPU: 00:01:47
 Rf: 0.0282, Los: 0.09, Rg: 0.00, Cen: 0.29, Ani: 0.00, Fit: 0.0413
Step:   32, T: 0.133E-05, 4437/31085, Succ: 10000, Eval: 714506, CPU: 00:01:48
 Rf: 0.0277, Los: 0.09, Rg: 0.00, Cen: 0.54, Ani: 0.00, Fit: 0.0409
Step:   33, T: 0.126E-05, 4377/31201, Succ: 10000, Eval: 735522, CPU: 00:01:50
 Rf: 0.0255, Los: 0.09, Rg: 0.00, Cen: 0.20, Ani: 0.00, Fit: 0.0388
Step:   34, T: 0.120E-05, 4391/31274, Succ: 10000, Eval: 756170, CPU: 00:01:52
 Rf: 0.0247, Los: 0.08, Rg: 0.00, Cen: 0.30, Ani: 0.00, Fit: 0.0379
Step:   35, T: 0.114E-05, 4347/31362, Succ: 10000, Eval: 776940, CPU: 00:01:54
 Rf: 0.0238, Los: 0.08, Rg: 0.00, Cen: 0.58, Ani: 0.00, Fit: 0.0370
Step:   36, T: 0.108E-05, 4375/31410, Succ: 10000, Eval: 797433, CPU: 00:01:56
 Rf: 0.0234, Los: 0.07, Rg: 0.00, Cen: 0.18, Ani: 0.00, Fit: 0.0360
Step:   37, T: 0.103E-05, 4341/31490, Succ: 10000, Eval: 818112, CPU: 00:01:57
 Rf: 0.0224, Los: 0.08, Rg: 0.00, Cen: 0.42, Ani: 0.00, Fit: 0.0361
Step:   38, T: 0.978E-06, 4247/31581, Succ: 10000, Eval: 839490, CPU: 00:01:59
 Rf: 0.0225, Los: 0.08, Rg: 0.00, Cen: 0.51, Ani: 0.00, Fit: 0.0362
Step:   39, T: 0.929E-06, 4313/31643, Succ: 10000, Eval: 860228, CPU: 00:02:01
 Rf: 0.0200, Los: 0.07, Rg: 0.00, Cen: 0.06, Ani: 0.00, Fit: 0.0336
Step:   40, T: 0.883E-06, 4289/31720, Succ: 10000, Eval: 881554, CPU: 00:02:02
 Rf: 0.0200, Los: 0.07, Rg: 0.00, Cen: 0.24, Ani: 0.00, Fit: 0.0330
Step:   41, T: 0.839E-06, 4257/31854, Succ: 10000, Eval: 902339, CPU: 00:02:04
 Rf: 0.0186, Los: 0.07, Rg: 0.00, Cen: 0.31, Ani: 0.00, Fit: 0.0322
Step:   42, T: 0.797E-06, 4281/31911, Succ: 10000, Eval: 923366, CPU: 00:02:05
 Rf: 0.0186, Los: 0.06, Rg: 0.00, Cen: 0.50, Ani: 0.00, Fit: 0.0315
Step:   43, T: 0.757E-06, 4163/31971, Succ: 10000, Eval: 944451, CPU: 00:02:07
 Rf: 0.0169, Los: 0.06, Rg: 0.00, Cen: 0.23, Ani: 0.00, Fit: 0.0305
Step:   44, T: 0.719E-06, 4137/32017, Succ: 10000, Eval: 965522, CPU: 00:02:08
 Rf: 0.0163, Los: 0.06, Rg: 0.00, Cen: 0.31, Ani: 0.00, Fit: 0.0302
Step:   45, T: 0.683E-06, 4165/32062, Succ: 10000, Eval: 986647, CPU: 00:02:10
 Rf: 0.0163, Los: 0.06, Rg: 0.00, Cen: 0.18, Ani: 0.00, Fit: 0.0300
Step:   46, T: 0.649E-06, 4217/32111, Succ: 10000, Eval: 1008230, CPU: 00:02:11
 Rf: 0.0163, Los: 0.06, Rg: 0.00, Cen: 0.24, Ani: 0.00, Fit: 0.0292
Step:   47, T: 0.616E-06, 4143/32137, Succ: 10000, Eval: 1029508, CPU: 00:02:12
 Rf: 0.0148, Los: 0.06, Rg: 0.00, Cen: 0.24, Ani: 0.00, Fit: 0.0283
Step:   48, T: 0.586E-06, 4187/32172, Succ: 10000, Eval: 1051034, CPU: 00:02:14
 Rf: 0.0152, Los: 0.05, Rg: 0.00, Cen: 0.16, Ani: 0.00, Fit: 0.0279
Step:   49, T: 0.556E-06, 4163/32190, Succ: 10000, Eval: 1072360, CPU: 00:02:15
 Rf: 0.0137, Los: 0.05, Rg: 0.00, Cen: 0.23, Ani: 0.00, Fit: 0.0268
Step:   50, T: 0.529E-06, 4167/32197, Succ: 10000, Eval: 1093780, CPU: 00:02:16
 Rf: 0.0133, Los: 0.05, Rg: 0.00, Cen: 0.30, Ani: 0.00, Fit: 0.0261
Step:   51, T: 0.502E-06, 4189/32197, Succ: 10000, Eval: 1115603, CPU: 00:02:17
 Rf: 0.0136, Los: 0.05, Rg: 0.00, Cen: 0.16, Ani: 0.00, Fit: 0.0259
Step:   52, T: 0.477E-06, 4145/32198, Succ: 10000, Eval: 1137744, CPU: 00:02:18
 Rf: 0.0125, Los: 0.05, Rg: 0.00, Cen: 0.12, Ani: 0.00, Fit: 0.0250
Step:   53, T: 0.453E-06, 4125/32198, Succ: 10000, Eval: 1160318, CPU: 00:02:20
 Rf: 0.0115, Los: 0.05, Rg: 0.00, Cen: 0.22, Ani: 0.00, Fit: 0.0243
Step:   54, T: 0.430E-06, 4069/32201, Succ: 10000, Eval: 1182851, CPU: 00:02:21
 Rf: 0.0108, Los: 0.04, Rg: 0.00, Cen: 0.14, Ani: 0.00, Fit: 0.0237
Step:   55, T: 0.409E-06, 4153/32201, Succ: 10000, Eval: 1205674, CPU: 00:02:22
 Rf: 0.0121, Los: 0.04, Rg: 0.00, Cen: 0.09, Ani: 0.00, Fit: 0.0240
Step:   56, T: 0.389E-06, 4085/32209, Succ: 10000, Eval: 1228948, CPU: 00:02:23
 Rf: 0.0099, Los: 0.04, Rg: 0.00, Cen: 0.15, Ani: 0.00, Fit: 0.0229
Step:   57, T: 0.369E-06, 4151/32214, Succ: 10000, Eval: 1252364, CPU: 00:02:24
 Rf: 0.0105, Los: 0.04, Rg: 0.00, Cen: 0.14, Ani: 0.00, Fit: 0.0227
Step:   58, T: 0.351E-06, 4109/32214, Succ: 10000, Eval: 1275922, CPU: 00:02:26
 Rf: 0.0098, Los: 0.04, Rg: 0.00, Cen: 0.10, Ani: 0.00, Fit: 0.0225
Step:   59, T: 0.333E-06, 4157/32214, Succ: 10000, Eval: 1300350, CPU: 00:02:27
 Rf: 0.0095, Los: 0.04, Rg: 0.00, Cen: 0.15, Ani: 0.00, Fit: 0.0217
Step:   60, T: 0.316E-06, 4117/32215, Succ: 10000, Eval: 1325361, CPU: 00:02:28
 Rf: 0.0091, Los: 0.04, Rg: 0.00, Cen: 0.09, Ani: 0.00, Fit: 0.0215
Step:   61, T: 0.301E-06, 4075/32215, Succ: 10000, Eval: 1350722, CPU: 00:02:29
 Rf: 0.0080, Los: 0.04, Rg: 0.00, Cen: 0.10, Ani: 0.00, Fit: 0.0206
Step:   62, T: 0.286E-06, 4121/32217, Succ: 10000, Eval: 1376251, CPU: 00:02:31
 Rf: 0.0081, Los: 0.03, Rg: 0.00, Cen: 0.10, Ani: 0.00, Fit: 0.0203
Step:   63, T: 0.271E-06, 4105/32226, Succ: 10000, Eval: 1402621, CPU: 00:02:32
 Rf: 0.0078, Los: 0.03, Rg: 0.00, Cen: 0.12, Ani: 0.00, Fit: 0.0200
Step:   64, T: 0.258E-06, 4211/32229, Succ: 10000, Eval: 1429299, CPU: 00:02:33
 Rf: 0.0084, Los: 0.03, Rg: 0.00, Cen: 0.05, Ani: 0.00, Fit: 0.0196
Step:   65, T: 0.245E-06, 4139/32232, Succ: 10000, Eval: 1456728, CPU: 00:02:35
 Rf: 0.0069, Los: 0.03, Rg: 0.00, Cen: 0.03, Ani: 0.00, Fit: 0.0189
Step:   66, T: 0.233E-06, 4133/32232, Succ: 10000, Eval: 1484947, CPU: 00:02:36
 Rf: 0.0069, Los: 0.03, Rg: 0.00, Cen: 0.05, Ani: 0.00, Fit: 0.0191
Step:   67, T: 0.221E-06, 4133/32233, Succ: 10000, Eval: 1513343, CPU: 00:02:38
 Rf: 0.0065, Los: 0.03, Rg: 0.00, Cen: 0.08, Ani: 0.00, Fit: 0.0187
Step:   68, T: 0.210E-06, 4157/32233, Succ: 10000, Eval: 1542820, CPU: 00:02:39
 Rf: 0.0066, Los: 0.03, Rg: 0.00, Cen: 0.05, Ani: 0.00, Fit: 0.0181
Step:   69, T: 0.199E-06, 4153/32233, Succ: 10000, Eval: 1573117, CPU: 00:02:41
 Rf: 0.0057, Los: 0.03, Rg: 0.00, Cen: 0.03, Ani: 0.00, Fit: 0.0176
Step:   70, T: 0.189E-06, 4179/32233, Succ: 10000, Eval: 1604143, CPU: 00:02:42
 Rf: 0.0060, Los: 0.03, Rg: 0.00, Cen: 0.05, Ani: 0.00, Fit: 0.0176
Step:   71, T: 0.180E-06, 4219/32233, Succ: 10000, Eval: 1636829, CPU: 00:02:44
 Rf: 0.0059, Los: 0.03, Rg: 0.00, Cen: 0.11, Ani: 0.00, Fit: 0.0172
Step:   72, T: 0.171E-06, 4163/32233, Succ: 10000, Eval: 1670000, CPU: 00:02:45
 Rf: 0.0052, Los: 0.03, Rg: 0.00, Cen: 0.06, Ani: 0.00, Fit: 0.0173
Step:   73, T: 0.162E-06, 4209/32233, Succ: 10000, Eval: 1704745, CPU: 00:02:47
 Rf: 0.0054, Los: 0.02, Rg: 0.00, Cen: 0.01, Ani: 0.00, Fit: 0.0166
Step:   74, T: 0.154E-06, 4187/32233, Succ: 10000, Eval: 1739842, CPU: 00:02:49
 Rf: 0.0049, Los: 0.02, Rg: 0.00, Cen: 0.04, Ani: 0.00, Fit: 0.0165
Step:   75, T: 0.147E-06, 4241/32233, Succ: 10000, Eval: 1775861, CPU: 00:02:51
 Rf: 0.0049, Los: 0.02, Rg: 0.00, Cen: 0.02, Ani: 0.00, Fit: 0.0161
Step:   76, T: 0.139E-06, 4291/32233, Succ: 10000, Eval: 1813982, CPU: 00:02:52
 Rf: 0.0049, Los: 0.02, Rg: 0.00, Cen: 0.03, Ani: 0.00, Fit: 0.0157
Step:   77, T: 0.132E-06, 4239/32236, Succ: 10000, Eval: 1852450, CPU: 00:02:54
 Rf: 0.0040, Los: 0.02, Rg: 0.00, Cen: 0.07, Ani: 0.00, Fit: 0.0154
Step:   78, T: 0.126E-06, 4255/32236, Succ: 10000, Eval: 1892295, CPU: 00:02:56
 Rf: 0.0045, Los: 0.02, Rg: 0.00, Cen: 0.04, Ani: 0.00, Fit: 0.0157
Step:   79, T: 0.119E-06, 4267/32236, Succ: 10000, Eval: 1933990, CPU: 00:02:58
 Rf: 0.0040, Los: 0.02, Rg: 0.00, Cen: 0.04, Ani: 0.00, Fit: 0.0152
Step:   80, T: 0.113E-06, 4257/32237, Succ: 10000, Eval: 1977184, CPU: 00:03:00
 Rf: 0.0038, Los: 0.02, Rg: 0.00, Cen: 0.05, Ani: 0.00, Fit: 0.0150
Step:   81, T: 0.108E-06, 4337/32239, Succ: 10000, Eval: 2022151, CPU: 00:03:03
 Rf: 0.0040, Los: 0.02, Rg: 0.00, Cen: 0.01, Ani: 0.00, Fit: 0.0147
Step:   82, T: 0.102E-06, 4323/32239, Succ: 10000, Eval: 2068242, CPU: 00:03:05
 Rf: 0.0038, Los: 0.02, Rg: 0.00, Cen: 0.01, Ani: 0.00, Fit: 0.0144
Step:   83, T: 0.973E-07, 4327/32239, Succ: 10000, Eval: 2116124, CPU: 00:03:07
 Rf: 0.0036, Los: 0.02, Rg: 0.00, Cen: 0.07, Ani: 0.00, Fit: 0.0142
Step:   84, T: 0.924E-07, 4329/32239, Succ: 10000, Eval: 2166907, CPU: 00:03:10
 Rf: 0.0030, Los: 0.02, Rg: 0.00, Cen: 0.03, Ani: 0.00, Fit: 0.0138
Step:   85, T: 0.878E-07, 4387/32239, Succ: 10000, Eval: 2219996, CPU: 00:03:12
 Rf: 0.0035, Los: 0.02, Rg: 0.00, Cen: 0.04, Ani: 0.00, Fit: 0.0137
Step:   86, T: 0.834E-07, 4357/32239, Succ: 10000, Eval: 2274917, CPU: 00:03:15
 Rf: 0.0035, Los: 0.02, Rg: 0.00, Cen: 0.02, Ani: 0.00, Fit: 0.0137
Step:   87, T: 0.792E-07, 4361/32239, Succ: 10000, Eval: 2332944, CPU: 00:03:18
 Rf: 0.0028, Los: 0.02, Rg: 0.00, Cen: 0.02, Ani: 0.00, Fit: 0.0135
Step:   88, T: 0.753E-07, 4439/32239, Succ: 10000, Eval: 2391955, CPU: 00:03:20
 Rf: 0.0033, Los: 0.02, Rg: 0.00, Cen: 0.01, Ani: 0.00, Fit: 0.0131
Step:   89, T: 0.715E-07, 4389/32239, Succ: 10000, Eval: 2457164, CPU: 00:03:24
 Rf: 0.0028, Los: 0.02, Rg: 0.00, Cen: 0.06, Ani: 0.00, Fit: 0.0131
Step:   90, T: 0.679E-07, 4411/32239, Succ: 10000, Eval: 2525172, CPU: 00:03:27
 Rf: 0.0031, Los: 0.02, Rg: 0.00, Cen: 0.02, Ani: 0.00, Fit: 0.0130
Step:   91, T: 0.645E-07, 4445/32239, Succ: 10000, Eval: 2597750, CPU: 00:03:31
 Rf: 0.0029, Los: 0.02, Rg: 0.00, Cen: 0.02, Ani: 0.00, Fit: 0.0127
Step:   92, T: 0.613E-07, 4439/32239, Succ: 10000, Eval: 2675482, CPU: 00:03:35
 Rf: 0.0025, Los: 0.02, Rg: 0.00, Cen: 0.02, Ani: 0.00, Fit: 0.0125
Step:   93, T: 0.582E-07, 4465/32239, Succ: 10000, Eval: 2756078, CPU: 00:03:38
 Rf: 0.0027, Los: 0.01, Rg: 0.00, Cen: 0.02, Ani: 0.00, Fit: 0.0123
Step:   94, T: 0.553E-07, 4523/32239, Succ: 10000, Eval: 2843631, CPU: 00:03:43
 Rf: 0.0029, Los: 0.01, Rg: 0.00, Cen: 0.02, Ani: 0.00, Fit: 0.0120
Step:   95, T: 0.526E-07, 4473/32239, Succ: 10000, Eval: 2937074, CPU: 00:03:47
 Rf: 0.0023, Los: 0.01, Rg: 0.00, Cen: 0.02, Ani: 0.00, Fit: 0.0120
Step:   96, T: 0.499E-07, 4500/32239, Succ: 9841, Eval: 3037074, CPU: 00:03:52
 Rf: 0.0024, Los: 0.01, Rg: 0.00, Cen: 0.01, Ani: 0.00, Fit: 0.0118
Step:   97, T: 0.474E-07, 4538/32239, Succ: 9306, Eval: 3137074, CPU: 00:03:57
 Rf: 0.0024, Los: 0.01, Rg: 0.00, Cen: 0.02, Ani: 0.00, Fit: 0.0117
Step:   98, T: 0.451E-07, 4511/32239, Succ: 8391, Eval: 3237074, CPU: 00:04:02
 Rf: 0.0021, Los: 0.01, Rg: 0.00, Cen: 0.02, Ani: 0.00, Fit: 0.0115
Step:   99, T: 0.428E-07, 4550/32239, Succ: 7745, Eval: 3337074, CPU: 00:04:07
 Rf: 0.0023, Los: 0.01, Rg: 0.00, Cen: 0.01, Ani: 0.00, Fit: 0.0114
Step:  100, T: 0.407E-07, 4567/32239, Succ: 7309, Eval: 3437074, CPU: 00:04:12
 Rf: 0.0023, Los: 0.01, Rg: 0.00, Cen: 0.01, Ani: 0.00, Fit: 0.0112
Step:  101, T: 0.386E-07, 4563/32239, Succ: 6580, Eval: 3537074, CPU: 00:04:17
 Rf: 0.0022, Los: 0.01, Rg: 0.00, Cen: 0.03, Ani: 0.00, Fit: 0.0112
Step:  102, T: 0.367E-07, 4607/32239, Succ: 5846, Eval: 3637074, CPU: 00:04:22
 Rf: 0.0024, Los: 0.01, Rg: 0.00, Cen: 0.03, Ani: 0.00, Fit: 0.0110
Step:  103, T: 0.349E-07, 4590/32239, Succ: 5223, Eval: 3737074, CPU: 00:04:27
 Rf: 0.0020, Los: 0.01, Rg: 0.00, Cen: 0.01, Ani: 0.00, Fit: 0.0108
Step:  104, T: 0.331E-07, 4611/32239, Succ: 4843, Eval: 3837074, CPU: 00:04:32
 Rf: 0.0021, Los: 0.01, Rg: 0.00, Cen: 0.01, Ani: 0.00, Fit: 0.0108
Step:  105, T: 0.315E-07, 4630/32239, Succ: 4321, Eval: 3937074, CPU: 00:04:37
 Rf: 0.0022, Los: 0.01, Rg: 0.00, Cen: 0.01, Ani: 0.00, Fit: 0.0107
Step:  106, T: 0.299E-07, 4632/32239, Succ: 3802, Eval: 4037074, CPU: 00:04:42
 Rf: 0.0021, Los: 0.01, Rg: 0.00, Cen: 0.01, Ani: 0.00, Fit: 0.0106
Step:  107, T: 0.284E-07, 4630/32239, Succ: 3360, Eval: 4137074, CPU: 00:04:47
 Rf: 0.0018, Los: 0.01, Rg: 0.00, Cen: 0.01, Ani: 0.00, Fit: 0.0105
Step:  108, T: 0.270E-07, 4621/32239, Succ: 3125, Eval: 4237074, CPU: 00:04:52
 Rf: 0.0017, Los: 0.01, Rg: 0.00, Cen: 0.02, Ani: 0.00, Fit: 0.0104
Step:  109, T: 0.256E-07, 4633/32239, Succ: 2770, Eval: 4337074, CPU: 00:04:57
 Rf: 0.0018, Los: 0.01, Rg: 0.00, Cen: 0.00, Ani: 0.00, Fit: 0.0103
Step:  110, T: 0.243E-07, 4638/32239, Succ: 2365, Eval: 4437074, CPU: 00:05:02
 Rf: 0.0017, Los: 0.01, Rg: 0.00, Cen: 0.01, Ani: 0.00, Fit: 0.0102
Step:  111, T: 0.231E-07, 4649/32239, Succ: 1989, Eval: 4537074, CPU: 00:05:07
 Rf: 0.0018, Los: 0.01, Rg: 0.00, Cen: 0.00, Ani: 0.00, Fit: 0.0102
Step:  112, T: 0.220E-07, 4642/32239, Succ: 1803, Eval: 4637074, CPU: 00:05:12
 Rf: 0.0017, Los: 0.01, Rg: 0.00, Cen: 0.01, Ani: 0.00, Fit: 0.0101
Step:  113, T: 0.209E-07, 4657/32239, Succ: 1611, Eval: 4737074, CPU: 00:05:17
 Rf: 0.0017, Los: 0.01, Rg: 0.00, Cen: 0.00, Ani: 0.00, Fit: 0.0101
Step:  114, T: 0.198E-07, 4673/32239, Succ: 1412, Eval: 4837074, CPU: 00:05:22
 Rf: 0.0017, Los: 0.01, Rg: 0.00, Cen: 0.01, Ani: 0.00, Fit: 0.0100
Step:  115, T: 0.188E-07, 4666/32239, Succ: 1099, Eval: 4937074, CPU: 00:05:27
 Rf: 0.0016, Los: 0.01, Rg: 0.00, Cen: 0.01, Ani: 0.00, Fit: 0.0100
Step:  116, T: 0.179E-07, 4686/32239, Succ: 890, Eval: 5037074, CPU: 00:05:32
 Rf: 0.0017, Los: 0.01, Rg: 0.00, Cen: 0.00, Ani: 0.00, Fit: 0.0099
Step:  117, T: 0.170E-07, 4680/32239, Succ: 696, Eval: 5137074, CPU: 00:05:37
 Rf: 0.0017, Los: 0.01, Rg: 0.00, Cen: 0.01, Ani: 0.00, Fit: 0.0099
Step:  118, T: 0.162E-07, 4699/32239, Succ: 601, Eval: 5237074, CPU: 00:05:42
 Rf: 0.0018, Los: 0.01, Rg: 0.00, Cen: 0.00, Ani: 0.00, Fit: 0.0099
Step:  119, T: 0.153E-07, 4684/32239, Succ: 425, Eval: 5337074, CPU: 00:05:47
 Rf: 0.0015, Los: 0.01, Rg: 0.00, Cen: 0.00, Ani: 0.00, Fit: 0.0098
Step:  120, T: 0.146E-07, 4687/32239, Succ: 365, Eval: 5437074, CPU: 00:05:52
 Rf: 0.0016, Los: 0.01, Rg: 0.00, Cen: 0.00, Ani: 0.00, Fit: 0.0098
Step:  121, T: 0.139E-07, 4691/32239, Succ: 296, Eval: 5537074, CPU: 00:05:57
 Rf: 0.0016, Los: 0.01, Rg: 0.00, Cen: 0.00, Ani: 0.00, Fit: 0.0098
Step:  122, T: 0.132E-07, 4691/32239, Succ: 226, Eval: 5637074, CPU: 00:06:02
 Rf: 0.0016, Los: 0.01, Rg: 0.00, Cen: 0.00, Ani: 0.00, Fit: 0.0098
Step:  123, T: 0.125E-07, 4694/32239, Succ: 227, Eval: 5737074, CPU: 00:06:07
 Rf: 0.0016, Los: 0.01, Rg: 0.00, Cen: 0.00, Ani: 0.00, Fit: 0.0098
Step:  124, T: 0.119E-07, 4696/32239, Succ: 204, Eval: 5837074, CPU: 00:06:11
 Rf: 0.0017, Los: 0.01, Rg: 0.00, Cen: 0.00, Ani: 0.00, Fit: 0.0098
Step:  125, T: 0.113E-07, 4703/32239, Succ: 105, Eval: 5937074, CPU: 00:06:16
 Rf: 0.0017, Los: 0.01, Rg: 0.00, Cen: 0.00, Ani: 0.00, Fit: 0.0098
Step:  126, T: 0.107E-07, 4698/32239, Succ: 187, Eval: 6037074, CPU: 00:06:21
 Rf: 0.0016, Los: 0.01, Rg: 0.00, Cen: 0.00, Ani: 0.00, Fit: 0.0097
Step:  127, T: 0.102E-07, 4695/32239, Succ: 139, Eval: 6137074, CPU: 00:06:26
 Rf: 0.0016, Los: 0.01, Rg: 0.00, Cen: 0.00, Ani: 0.00, Fit: 0.0097
Step:  128, T: 0.967E-08, 4700/32239, Succ: 89, Eval: 6237074, CPU: 00:06:31
 Rf: 0.0017, Los: 0.01, Rg: 0.00, Cen: 0.00, Ani: 0.00, Fit: 0.0097
Step:  129, T: 0.919E-08, 4697/32239, Succ: 77, Eval: 6337074, CPU: 00:06:36
 Rf: 0.0016, Los: 0.01, Rg: 0.00, Cen: 0.00, Ani: 0.00, Fit: 0.0097
Step:  130, T: 0.873E-08, 4699/32239, Succ: 82, Eval: 6437074, CPU: 00:06:41
 Rf: 0.0016, Los: 0.01, Rg: 0.00, Cen: 0.00, Ani: 0.00, Fit: 0.0097
Step:  131, T: 0.829E-08, 4700/32239, Succ: 19, Eval: 6537074, CPU: 00:06:46
 Rf: 0.0017, Los: 0.01, Rg: 0.00, Cen: 0.00, Ani: 0.00, Fit: 0.0097
Annealing procedure status ....................... : cooled down
Probability that the model fits the data ......... : 0.153E-01
Preparing output files ........................... : pdb, fit, fir
Log closed ....................................... : 15-Oct-2019, 17:01:20
