   === DAMMIN  started at           15-Oct-2019   18:50:12
 Computation mode ....................................... : Slow
 Project identifier ..................................... : rpol1ref
 Project description: ................................... : refined dammin P1
 Initialized random seed as ..................... : 1510333920037740889
 GNOM file name ......................................... : P1_1_P1_Buffer_0013c.out
 Data set title
 Maximum diameter of the particle ....................... : 20.00
 Radius of gyration read ................................ : 6.170
 Number of GNOM data points ............................. : 1052
 Angular units multiplied by ............................ : 0.100
 Dmax and Rg divided by ................................. : 0.100
 Maximum s value [1/angstrom] ........................... : 0.2935
 Number of Shannon channels ............................. : 18.68
 Number of knots in the curve to fit .................... : 37
  *** Warning: constant reduced to avoid oversubtraction
 A constant was subtracted .............................. : 1.459E-04
 Maximum order of harmonics ............................. : 15
 DAM coordinates file name .............................. : damstart.pdb
 Number of atoms read ................................... : 2473
 Maximum radius ......................................... : 137.0
 Packing radius of dummy atoms .......................... : 6.250
 Point symmetry of the particle ......................... : P1
 Number of core (fixed) atoms ........................... : 346
 Number of equivalent positions ......................... : 1
 Expected particle anisometry ........................... : Unknown
 Excluded volume per atom ............................... : 1382.
 Radius of 1st coordination sphere ...................... : 17.62
 Minimum number of contacts ............................. : 3
 Maximum number of contacts ............................. : 12
 Looseness penalty weight ............................... : 5.000E-03
 No of non-solvent atoms ................................ : 2473
 Initial DAM looseness .................................. : 8.882E-03
 Disconnectivity penalty weight ......................... : 5.000E-03
 Initial DAM # of graphs ................................ : 1
 Discontiguity   value .................................. : 0.0
 Center of the initial DAM:    0.4148  -3.8224   2.2528
 Peripheral penalty weight .............................. : 0.3000
 Peripheral penalty value ............................... : 0.3167
 Looseness fixing threshold ............................. : 0.0
 R-factor  fixing threshold ............................. : 0.0
  ***    The structure was randomized    ***
 No of non-solvent atoms ................................ : 1419
 Randomized DAM looseness ............................... : 7.944E-02
 Randomized DAM # of graphs ............................. : 7
 Discontiguity   value .................................. : 5.654E-03
 Randomized peripheral penalty value .................... : 0.2898
 Weight: 0=s^2, 1=Emphas.s->0, 2=Log .................... : 1
 *** Porod weight with emphasis at low s ***
 Initial scale factor ................................... : 1.692E-13
 Scale factor fixed (Y=Yes, N=No) ....................... : N
 Initial R^2 factor ..................................... : 0.1603
 Initial R   factor ..................................... : 0.4004
 Initial penalty ........................................ : 8.735E-02
 Initial fVal ........................................... : 0.2477
 Variation of the target function ....................... : 2.117E-04
 CPU per function call, seconds ......................... : 1.088E-03
 Initial annealing temperature .......................... : 1.000E-03
 Annealing schedule factor .............................. : 0.9500
 # of independent atoms to modify ....................... : 1
 Max # of iterations at each T .......................... : 148890
 Max # of successes at each T ........................... : 14889
 Min # of successes to continue ......................... : 49
 Max # of annealing steps ............................... : 200
  ====  Simulated annealing procedure started  ====
 j:   1 T: 0.100E-02 Suc: 14889 Eva:    16450 CPU:  0.178E+02 SqF: 0.4572
  Rf: 0.35356 Los:0.1086 Dis:0.0134 Per:  0.2781 Sca: 0.203E-12
 j:   2 T: 0.950E-03 Suc: 14889 Eva:    33101 CPU:  0.356E+02 SqF: 0.4503
  Rf: 0.35068 Los:0.1055 Dis:0.0218 Per:  0.2777 Sca: 0.195E-12
 j:   3 T: 0.903E-03 Suc: 14889 Eva:    49812 CPU:  0.534E+02 SqF: 0.4442
  Rf: 0.34705 Los:0.0939 Dis:0.0085 Per:  0.2820 Sca: 0.195E-12
 j:   4 T: 0.857E-03 Suc: 14889 Eva:    66756 CPU:  0.713E+02 SqF: 0.4314
  Rf: 0.33946 Los:0.1072 Dis:0.0185 Per:  0.2731 Sca: 0.207E-12
 j:   5 T: 0.815E-03 Suc: 14889 Eva:    83730 CPU:  0.892E+02 SqF: 0.4302
  Rf: 0.34411 Los:0.1005 Dis:0.0119 Per:  0.2706 Sca: 0.204E-12
 j:   6 T: 0.774E-03 Suc: 14889 Eva:   100803 CPU:  0.107E+03 SqF: 0.4245
  Rf: 0.33946 Los:0.1032 Dis:0.0142 Per:  0.2773 Sca: 0.201E-12
 j:   7 T: 0.735E-03 Suc: 14889 Eva:   117943 CPU:  0.125E+03 SqF: 0.4158
  Rf: 0.33307 Los:0.1087 Dis:0.0223 Per:  0.2779 Sca: 0.205E-12
 j:   8 T: 0.698E-03 Suc: 14889 Eva:   135281 CPU:  0.144E+03 SqF: 0.4131
  Rf: 0.33485 Los:0.0950 Dis:0.0102 Per:  0.2768 Sca: 0.203E-12
 j:   9 T: 0.663E-03 Suc: 14889 Eva:   152987 CPU:  0.162E+03 SqF: 0.3994
  Rf: 0.32349 Los:0.1119 Dis:0.0225 Per:  0.2725 Sca: 0.222E-12
 j:  10 T: 0.630E-03 Suc: 14889 Eva:   170906 CPU:  0.180E+03 SqF: 0.3994
  Rf: 0.32349 Los:0.1119 Dis:0.0225 Per:  0.2725 Sca: 0.222E-12
 j:  11 T: 0.599E-03 Suc: 14889 Eva:   188890 CPU:  0.199E+03 SqF: 0.3919
  Rf: 0.32393 Los:0.1089 Dis:0.0205 Per:  0.2672 Sca: 0.212E-12
 j:  12 T: 0.569E-03 Suc: 14889 Eva:   206878 CPU:  0.218E+03 SqF: 0.3919
  Rf: 0.32393 Los:0.1089 Dis:0.0205 Per:  0.2672 Sca: 0.212E-12
 j:  13 T: 0.540E-03 Suc: 14889 Eva:   225129 CPU:  0.236E+03 SqF: 0.3811
  Rf: 0.31670 Los:0.1079 Dis:0.0199 Per:  0.2733 Sca: 0.219E-12
 j:  14 T: 0.513E-03 Suc: 14889 Eva:   243767 CPU:  0.255E+03 SqF: 0.3676
  Rf: 0.30340 Los:0.1060 Dis:0.0168 Per:  0.2758 Sca: 0.225E-12
 j:  15 T: 0.488E-03 Suc: 14889 Eva:   262571 CPU:  0.274E+03 SqF: 0.3633
  Rf: 0.30160 Los:0.1071 Dis:0.0151 Per:  0.2761 Sca: 0.226E-12
 j:  16 T: 0.463E-03 Suc: 14889 Eva:   281702 CPU:  0.293E+03 SqF: 0.3580
  Rf: 0.30049 Los:0.1096 Dis:0.0178 Per:  0.2679 Sca: 0.227E-12
 j:  17 T: 0.440E-03 Suc: 14889 Eva:   300889 CPU:  0.313E+03 SqF: 0.3497
  Rf: 0.29332 Los:0.1097 Dis:0.0205 Per:  0.2696 Sca: 0.230E-12
 j:  18 T: 0.418E-03 Suc: 14889 Eva:   320634 CPU:  0.332E+03 SqF: 0.3492
  Rf: 0.29509 Los:0.1120 Dis:0.0216 Per:  0.2723 Sca: 0.235E-12
 j:  19 T: 0.397E-03 Suc: 14889 Eva:   340693 CPU:  0.352E+03 SqF: 0.3442
  Rf: 0.29302 Los:0.1224 Dis:0.0308 Per:  0.2670 Sca: 0.240E-12
 j:  20 T: 0.377E-03 Suc: 14889 Eva:   361061 CPU:  0.372E+03 SqF: 0.3294
  Rf: 0.27769 Los:0.1164 Dis:0.0344 Per:  0.2708 Sca: 0.242E-12
 j:  21 T: 0.358E-03 Suc: 14889 Eva:   381949 CPU:  0.392E+03 SqF: 0.3176
  Rf: 0.26648 Los:0.1219 Dis:0.0388 Per:  0.2702 Sca: 0.262E-12
 j:  22 T: 0.341E-03 Suc: 14889 Eva:   403300 CPU:  0.413E+03 SqF: 0.3095
  Rf: 0.26094 Los:0.1092 Dis:0.0261 Per:  0.2645 Sca: 0.250E-12
 j:  23 T: 0.324E-03 Suc: 14889 Eva:   425472 CPU:  0.433E+03 SqF: 0.2944
  Rf: 0.24520 Los:0.1223 Dis:0.0541 Per:  0.2647 Sca: 0.257E-12
 j:  24 T: 0.307E-03 Suc: 14889 Eva:   448007 CPU:  0.454E+03 SqF: 0.2944
  Rf: 0.24520 Los:0.1223 Dis:0.0541 Per:  0.2647 Sca: 0.257E-12
 j:  25 T: 0.292E-03 Suc: 14889 Eva:   471007 CPU:  0.476E+03 SqF: 0.2834
  Rf: 0.23698 Los:0.1263 Dis:0.0532 Per:  0.2655 Sca: 0.266E-12
 j:  26 T: 0.277E-03 Suc: 14889 Eva:   494690 CPU:  0.497E+03 SqF: 0.2774
  Rf: 0.23323 Los:0.1330 Dis:0.0586 Per:  0.2593 Sca: 0.286E-12
 j:  27 T: 0.264E-03 Suc: 14889 Eva:   518587 CPU:  0.519E+03 SqF: 0.2561
  Rf: 0.21059 Los:0.1186 Dis:0.0420 Per:  0.2583 Sca: 0.294E-12
 j:  28 T: 0.250E-03 Suc: 14889 Eva:   543349 CPU:  0.542E+03 SqF: 0.2445
  Rf: 0.19807 Los:0.1329 Dis:0.0605 Per:  0.2609 Sca: 0.302E-12
 j:  29 T: 0.238E-03 Suc: 14889 Eva:   568700 CPU:  0.564E+03 SqF: 0.2445
  Rf: 0.19807 Los:0.1329 Dis:0.0605 Per:  0.2609 Sca: 0.302E-12
 j:  30 T: 0.226E-03 Suc: 14889 Eva:   594613 CPU:  0.587E+03 SqF: 0.2371
  Rf: 0.19509 Los:0.1273 Dis:0.0444 Per:  0.2554 Sca: 0.307E-12
 j:  31 T: 0.215E-03 Suc: 14889 Eva:   621274 CPU:  0.611E+03 SqF: 0.2287
  Rf: 0.18630 Los:0.1357 Dis:0.0572 Per:  0.2584 Sca: 0.306E-12
 j:  32 T: 0.204E-03 Suc: 14889 Eva:   648591 CPU:  0.635E+03 SqF: 0.2240
  Rf: 0.18272 Los:0.1249 Dis:0.0632 Per:  0.2589 Sca: 0.294E-12
 j:  33 T: 0.194E-03 Suc: 14889 Eva:   675934 CPU:  0.658E+03 SqF: 0.2153
  Rf: 0.17363 Los:0.1343 Dis:0.0822 Per:  0.2604 Sca: 0.325E-12
 j:  34 T: 0.184E-03 Suc: 14889 Eva:   704516 CPU:  0.683E+03 SqF: 0.2039
  Rf: 0.16191 Los:0.1394 Dis:0.0664 Per:  0.2593 Sca: 0.329E-12
 j:  35 T: 0.175E-03 Suc: 14889 Eva:   734178 CPU:  0.708E+03 SqF: 0.1938
  Rf: 0.15108 Los:0.1321 Dis:0.0715 Per:  0.2613 Sca: 0.333E-12
 j:  36 T: 0.166E-03 Suc: 14889 Eva:   764017 CPU:  0.733E+03 SqF: 0.1891
  Rf: 0.14900 Los:0.1268 Dis:0.0665 Per:  0.2523 Sca: 0.334E-12
 j:  37 T: 0.158E-03 Suc: 14889 Eva:   795028 CPU:  0.759E+03 SqF: 0.1779
  Rf: 0.13734 Los:0.1237 Dis:0.0624 Per:  0.2504 Sca: 0.338E-12
 j:  38 T: 0.150E-03 Suc: 14889 Eva:   826280 CPU:  0.785E+03 SqF: 0.1712
  Rf: 0.13134 Los:0.1310 Dis:0.0688 Per:  0.2460 Sca: 0.363E-12
 j:  39 T: 0.142E-03 Suc: 14889 Eva:   858494 CPU:  0.811E+03 SqF: 0.1636
  Rf: 0.12349 Los:0.1339 Dis:0.0769 Per:  0.2446 Sca: 0.355E-12
 j:  40 T: 0.135E-03 Suc: 14889 Eva:   890792 CPU:  0.837E+03 SqF: 0.1601
  Rf: 0.12008 Los:0.1391 Dis:0.0851 Per:  0.2487 Sca: 0.366E-12
 j:  41 T: 0.129E-03 Suc: 14889 Eva:   923834 CPU:  0.863E+03 SqF: 0.1540
  Rf: 0.11588 Los:0.1300 Dis:0.0655 Per:  0.2414 Sca: 0.360E-12
 j:  42 T: 0.122E-03 Suc: 14889 Eva:   957550 CPU:  0.891E+03 SqF: 0.1535
  Rf: 0.11575 Los:0.1336 Dis:0.0803 Per:  0.2480 Sca: 0.365E-12
 j:  43 T: 0.116E-03 Suc: 14889 Eva:   991875 CPU:  0.918E+03 SqF: 0.1468
  Rf: 0.10934 Los:0.1216 Dis:0.0698 Per:  0.2485 Sca: 0.368E-12
 j:  44 T: 0.110E-03 Suc: 14889 Eva:  1026880 CPU:  0.946E+03 SqF: 0.1416
  Rf: 0.10463 Los:0.1194 Dis:0.0632 Per:  0.2476 Sca: 0.373E-12
 j:  45 T: 0.105E-03 Suc: 14889 Eva:  1063056 CPU:  0.974E+03 SqF: 0.1356
  Rf: 0.09881 Los:0.1370 Dis:0.0827 Per:  0.2400 Sca: 0.389E-12
 j:  46 T: 0.994E-04 Suc: 14889 Eva:  1099382 CPU:  0.100E+04 SqF: 0.1291
  Rf: 0.09168 Los:0.1272 Dis:0.0780 Per:  0.2422 Sca: 0.392E-12
 j:  47 T: 0.945E-04 Suc: 14889 Eva:  1136311 CPU:  0.103E+04 SqF: 0.1220
  Rf: 0.08512 Los:0.1262 Dis:0.0615 Per:  0.2360 Sca: 0.403E-12
 j:  48 T: 0.897E-04 Suc: 14889 Eva:  1173966 CPU:  0.106E+04 SqF: 0.1220
  Rf: 0.08512 Los:0.1262 Dis:0.0615 Per:  0.2360 Sca: 0.403E-12
 j:  49 T: 0.853E-04 Suc: 14889 Eva:  1212526 CPU:  0.109E+04 SqF: 0.1161
  Rf: 0.08068 Los:0.1262 Dis:0.0634 Per:  0.2358 Sca: 0.396E-12
 j:  50 T: 0.810E-04 Suc: 14889 Eva:  1251676 CPU:  0.112E+04 SqF: 0.1110
  Rf: 0.07482 Los:0.1242 Dis:0.0831 Per:  0.2342 Sca: 0.407E-12
 j:  51 T: 0.769E-04 Suc: 14889 Eva:  1290951 CPU:  0.115E+04 SqF: 0.1083
  Rf: 0.07346 Los:0.1135 Dis:0.0560 Per:  0.2378 Sca: 0.380E-12
 j:  52 T: 0.731E-04 Suc: 14889 Eva:  1330037 CPU:  0.118E+04 SqF: 0.1050
  Rf: 0.06902 Los:0.1264 Dis:0.0746 Per:  0.2395 Sca: 0.403E-12
 j:  53 T: 0.694E-04 Suc: 14889 Eva:  1370579 CPU:  0.121E+04 SqF: 0.0990
  Rf: 0.06435 Los:0.1230 Dis:0.0631 Per:  0.2267 Sca: 0.414E-12
 j:  54 T: 0.660E-04 Suc: 14889 Eva:  1411439 CPU:  0.124E+04 SqF: 0.0967
  Rf: 0.06251 Los:0.1159 Dis:0.0571 Per:  0.2313 Sca: 0.404E-12
 j:  55 T: 0.627E-04 Suc: 14889 Eva:  1452946 CPU:  0.128E+04 SqF: 0.0926
  Rf: 0.05807 Los:0.1198 Dis:0.0710 Per:  0.2261 Sca: 0.408E-12
 j:  56 T: 0.595E-04 Suc: 14889 Eva:  1494588 CPU:  0.131E+04 SqF: 0.0911
  Rf: 0.05789 Los:0.1200 Dis:0.0557 Per:  0.2278 Sca: 0.418E-12
 j:  57 T: 0.566E-04 Suc: 14889 Eva:  1537550 CPU:  0.134E+04 SqF: 0.0893
  Rf: 0.05636 Los:0.1220 Dis:0.0624 Per:  0.2289 Sca: 0.402E-12
 j:  58 T: 0.537E-04 Suc: 14889 Eva:  1580216 CPU:  0.137E+04 SqF: 0.0839
  Rf: 0.04920 Los:0.1227 Dis:0.0788 Per:  0.2237 Sca: 0.428E-12
 j:  59 T: 0.510E-04 Suc: 14889 Eva:  1624007 CPU:  0.140E+04 SqF: 0.0833
  Rf: 0.05046 Los:0.1152 Dis:0.0638 Per:  0.2285 Sca: 0.417E-12
 j:  60 T: 0.485E-04 Suc: 14889 Eva:  1667937 CPU:  0.144E+04 SqF: 0.0798
  Rf: 0.04633 Los:0.1226 Dis:0.0672 Per:  0.2251 Sca: 0.436E-12
 j:  61 T: 0.461E-04 Suc: 14889 Eva:  1712776 CPU:  0.147E+04 SqF: 0.0767
  Rf: 0.04394 Los:0.1210 Dis:0.0515 Per:  0.2231 Sca: 0.428E-12
 j:  62 T: 0.438E-04 Suc: 14889 Eva:  1756991 CPU:  0.150E+04 SqF: 0.0753
  Rf: 0.04253 Los:0.1149 Dis:0.0624 Per:  0.2267 Sca: 0.414E-12
 j:  63 T: 0.416E-04 Suc: 14889 Eva:  1802977 CPU:  0.154E+04 SqF: 0.0735
  Rf: 0.04305 Los:0.1149 Dis:0.0490 Per:  0.2185 Sca: 0.427E-12
 j:  64 T: 0.395E-04 Suc: 14889 Eva:  1849061 CPU:  0.157E+04 SqF: 0.0717
  Rf: 0.04082 Los:0.1144 Dis:0.0541 Per:  0.2222 Sca: 0.426E-12
 j:  65 T: 0.375E-04 Suc: 14889 Eva:  1895347 CPU:  0.161E+04 SqF: 0.0697
  Rf: 0.03806 Los:0.1070 Dis:0.0672 Per:  0.2260 Sca: 0.419E-12
 j:  66 T: 0.356E-04 Suc: 14889 Eva:  1942088 CPU:  0.164E+04 SqF: 0.0671
  Rf: 0.03644 Los:0.1163 Dis:0.0470 Per:  0.2202 Sca: 0.439E-12
 j:  67 T: 0.339E-04 Suc: 14889 Eva:  1989695 CPU:  0.168E+04 SqF: 0.0655
  Rf: 0.03535 Los:0.1129 Dis:0.0488 Per:  0.2201 Sca: 0.423E-12
 j:  68 T: 0.322E-04 Suc: 14889 Eva:  2037099 CPU:  0.171E+04 SqF: 0.0621
  Rf: 0.03075 Los:0.1111 Dis:0.0498 Per:  0.2187 Sca: 0.439E-12
 j:  69 T: 0.306E-04 Suc: 14889 Eva:  2084590 CPU:  0.175E+04 SqF: 0.0614
  Rf: 0.03176 Los:0.0991 Dis:0.0449 Per:  0.2230 Sca: 0.427E-12
 j:  70 T: 0.290E-04 Suc: 14889 Eva:  2133445 CPU:  0.179E+04 SqF: 0.0597
  Rf: 0.03019 Los:0.1047 Dis:0.0384 Per:  0.2226 Sca: 0.432E-12
 j:  71 T: 0.276E-04 Suc: 14889 Eva:  2182542 CPU:  0.182E+04 SqF: 0.0581
  Rf: 0.02952 Los:0.1001 Dis:0.0357 Per:  0.2205 Sca: 0.427E-12
 j:  72 T: 0.262E-04 Suc: 14889 Eva:  2232169 CPU:  0.186E+04 SqF: 0.0571
  Rf: 0.02777 Los:0.1057 Dis:0.0518 Per:  0.2167 Sca: 0.425E-12
 j:  73 T: 0.249E-04 Suc: 14889 Eva:  2281946 CPU:  0.190E+04 SqF: 0.0533
  Rf: 0.02562 Los:0.0967 Dis:0.0306 Per:  0.2066 Sca: 0.429E-12
 j:  74 T: 0.236E-04 Suc: 14889 Eva:  2332425 CPU:  0.193E+04 SqF: 0.0533
  Rf: 0.02562 Los:0.0967 Dis:0.0306 Per:  0.2066 Sca: 0.429E-12
 j:  75 T: 0.225E-04 Suc: 14889 Eva:  2383646 CPU:  0.197E+04 SqF: 0.0527
  Rf: 0.02614 Los:0.0967 Dis:0.0277 Per:  0.2179 Sca: 0.428E-12
 j:  76 T: 0.213E-04 Suc: 14889 Eva:  2435822 CPU:  0.201E+04 SqF: 0.0516
  Rf: 0.02349 Los:0.1103 Dis:0.0362 Per:  0.2159 Sca: 0.437E-12
 j:  77 T: 0.203E-04 Suc: 14889 Eva:  2487415 CPU:  0.205E+04 SqF: 0.0491
  Rf: 0.02230 Los:0.0925 Dis:0.0302 Per:  0.2135 Sca: 0.419E-12
 j:  78 T: 0.193E-04 Suc: 14889 Eva:  2540181 CPU:  0.209E+04 SqF: 0.0488
  Rf: 0.02265 Los:0.0922 Dis:0.0347 Per:  0.2129 Sca: 0.431E-12
 j:  79 T: 0.183E-04 Suc: 14889 Eva:  2593105 CPU:  0.213E+04 SqF: 0.0475
  Rf: 0.02171 Los:0.0890 Dis:0.0290 Per:  0.2177 Sca: 0.424E-12
 j:  80 T: 0.174E-04 Suc: 14889 Eva:  2646488 CPU:  0.216E+04 SqF: 0.0460
  Rf: 0.02128 Los:0.0906 Dis:0.0212 Per:  0.2119 Sca: 0.427E-12
 j:  81 T: 0.165E-04 Suc: 14889 Eva:  2700341 CPU:  0.220E+04 SqF: 0.0450
  Rf: 0.01775 Los:0.0965 Dis:0.0334 Per:  0.2142 Sca: 0.432E-12
 j:  82 T: 0.157E-04 Suc: 14889 Eva:  2754031 CPU:  0.224E+04 SqF: 0.0438
  Rf: 0.01764 Los:0.0909 Dis:0.0254 Per:  0.2184 Sca: 0.434E-12
 j:  83 T: 0.149E-04 Suc: 14889 Eva:  2808484 CPU:  0.228E+04 SqF: 0.0434
  Rf: 0.01950 Los:0.0856 Dis:0.0249 Per:  0.2121 Sca: 0.418E-12
 j:  84 T: 0.142E-04 Suc: 14889 Eva:  2864114 CPU:  0.233E+04 SqF: 0.0418
  Rf: 0.01803 Los:0.0852 Dis:0.0171 Per:  0.2136 Sca: 0.423E-12
 j:  85 T: 0.135E-04 Suc: 14889 Eva:  2920841 CPU:  0.237E+04 SqF: 0.0411
  Rf: 0.01645 Los:0.0858 Dis:0.0265 Per:  0.2121 Sca: 0.424E-12
 j:  86 T: 0.128E-04 Suc: 14889 Eva:  2976728 CPU:  0.241E+04 SqF: 0.0403
  Rf: 0.01678 Los:0.0867 Dis:0.0199 Per:  0.2121 Sca: 0.427E-12
 j:  87 T: 0.121E-04 Suc: 14889 Eva:  3032896 CPU:  0.245E+04 SqF: 0.0391
  Rf: 0.01792 Los:0.0724 Dis:0.0129 Per:  0.2146 Sca: 0.408E-12
 j:  88 T: 0.115E-04 Suc: 14889 Eva:  3090828 CPU:  0.249E+04 SqF: 0.0379
  Rf: 0.01746 Los:0.0711 Dis:0.0091 Per:  0.2118 Sca: 0.415E-12
 j:  89 T: 0.110E-04 Suc: 14889 Eva:  3148679 CPU:  0.254E+04 SqF: 0.0376
  Rf: 0.01757 Los:0.0769 Dis:0.0065 Per:  0.2090 Sca: 0.423E-12
 j:  90 T: 0.104E-04 Suc: 14889 Eva:  3206841 CPU:  0.258E+04 SqF: 0.0366
  Rf: 0.01501 Los:0.0776 Dis:0.0117 Per:  0.2149 Sca: 0.418E-12
 j:  91 T: 0.989E-05 Suc: 14889 Eva:  3265733 CPU:  0.262E+04 SqF: 0.0359
  Rf: 0.01436 Los:0.0771 Dis:0.0117 Per:  0.2163 Sca: 0.414E-12
 j:  92 T: 0.939E-05 Suc: 14889 Eva:  3324990 CPU:  0.267E+04 SqF: 0.0357
  Rf: 0.01460 Los:0.0789 Dis:0.0145 Per:  0.2121 Sca: 0.422E-12
 j:  93 T: 0.892E-05 Suc: 14889 Eva:  3384728 CPU:  0.271E+04 SqF: 0.0339
  Rf: 0.01220 Los:0.0758 Dis:0.0105 Per:  0.2123 Sca: 0.422E-12
 j:  94 T: 0.848E-05 Suc: 14889 Eva:  3445113 CPU:  0.275E+04 SqF: 0.0332
  Rf: 0.01305 Los:0.0718 Dis:0.0065 Per:  0.2126 Sca: 0.418E-12
 j:  95 T: 0.805E-05 Suc: 14889 Eva:  3506240 CPU:  0.280E+04 SqF: 0.0322
  Rf: 0.01264 Los:0.0691 Dis:0.0039 Per:  0.2116 Sca: 0.417E-12
 j:  96 T: 0.765E-05 Suc: 14889 Eva:  3567792 CPU:  0.284E+04 SqF: 0.0322
  Rf: 0.01264 Los:0.0691 Dis:0.0039 Per:  0.2116 Sca: 0.417E-12
 j:  97 T: 0.727E-05 Suc: 14889 Eva:  3630408 CPU:  0.289E+04 SqF: 0.0317
  Rf: 0.01265 Los:0.0660 Dis:0.0117 Per:  0.2091 Sca: 0.410E-12
 j:  98 T: 0.691E-05 Suc: 14889 Eva:  3693658 CPU:  0.294E+04 SqF: 0.0305
  Rf: 0.01148 Los:0.0665 Dis:0.0078 Per:  0.2065 Sca: 0.415E-12
 j:  99 T: 0.656E-05 Suc: 14889 Eva:  3758248 CPU:  0.299E+04 SqF: 0.0298
  Rf: 0.01161 Los:0.0640 Dis:0.0052 Per:  0.2072 Sca: 0.410E-12
 j: 100 T: 0.623E-05 Suc: 14889 Eva:  3822828 CPU:  0.303E+04 SqF: 0.0291
  Rf: 0.01113 Los:0.0636 Dis:0.0026 Per:  0.2092 Sca: 0.404E-12
 j: 101 T: 0.592E-05 Suc: 14889 Eva:  3888609 CPU:  0.308E+04 SqF: 0.0288
  Rf: 0.01013 Los:0.0678 Dis:0.0026 Per:  0.2109 Sca: 0.420E-12
 j: 102 T: 0.562E-05 Suc: 14889 Eva:  3954219 CPU:  0.313E+04 SqF: 0.0279
  Rf: 0.00987 Los:0.0630 Dis:0.0026 Per:  0.2081 Sca: 0.410E-12
 j: 103 T: 0.534E-05 Suc: 14889 Eva:  4021988 CPU:  0.318E+04 SqF: 0.0278
  Rf: 0.01020 Los:0.0617 Dis:0.0051 Per:  0.2086 Sca: 0.403E-12
 j: 104 T: 0.508E-05 Suc: 14889 Eva:  4090284 CPU:  0.323E+04 SqF: 0.0268
  Rf: 0.00886 Los:0.0622 Dis:0.0026 Per:  0.2066 Sca: 0.406E-12
 j: 105 T: 0.482E-05 Suc: 14889 Eva:  4159503 CPU:  0.328E+04 SqF: 0.0265
  Rf: 0.00969 Los:0.0620 Dis:0.0000 Per:  0.2081 Sca: 0.412E-12
 j: 106 T: 0.458E-05 Suc: 14889 Eva:  4230406 CPU:  0.334E+04 SqF: 0.0262
  Rf: 0.01026 Los:0.0600 Dis:0.0000 Per:  0.2061 Sca: 0.413E-12
 j: 107 T: 0.435E-05 Suc: 14889 Eva:  4302808 CPU:  0.339E+04 SqF: 0.0256
  Rf: 0.00917 Los:0.0592 Dis:0.0013 Per:  0.2073 Sca: 0.407E-12
 j: 108 T: 0.413E-05 Suc: 14889 Eva:  4375019 CPU:  0.344E+04 SqF: 0.0250
  Rf: 0.00837 Los:0.0595 Dis:0.0000 Per:  0.2093 Sca: 0.409E-12
 j: 109 T: 0.393E-05 Suc: 14889 Eva:  4447921 CPU:  0.350E+04 SqF: 0.0247
  Rf: 0.00862 Los:0.0578 Dis:0.0000 Per:  0.2096 Sca: 0.409E-12
 j: 110 T: 0.373E-05 Suc: 14889 Eva:  4523156 CPU:  0.355E+04 SqF: 0.0238
  Rf: 0.00938 Los:0.0497 Dis:0.0000 Per:  0.2076 Sca: 0.391E-12
 j: 111 T: 0.354E-05 Suc: 14889 Eva:  4599685 CPU:  0.361E+04 SqF: 0.0232
  Rf: 0.00888 Los:0.0470 Dis:0.0013 Per:  0.2064 Sca: 0.391E-12
 j: 112 T: 0.337E-05 Suc: 14889 Eva:  4676724 CPU:  0.367E+04 SqF: 0.0232
  Rf: 0.00772 Los:0.0537 Dis:0.0000 Per:  0.2082 Sca: 0.398E-12
 j: 113 T: 0.320E-05 Suc: 14889 Eva:  4754866 CPU:  0.373E+04 SqF: 0.0230
  Rf: 0.00749 Los:0.0527 Dis:0.0013 Per:  0.2095 Sca: 0.402E-12
 j: 114 T: 0.304E-05 Suc: 14889 Eva:  4834297 CPU:  0.378E+04 SqF: 0.0221
  Rf: 0.00776 Los:0.0474 Dis:0.0000 Per:  0.2080 Sca: 0.388E-12
 j: 115 T: 0.289E-05 Suc: 14889 Eva:  4915860 CPU:  0.385E+04 SqF: 0.0218
  Rf: 0.00728 Los:0.0485 Dis:0.0000 Per:  0.2100 Sca: 0.394E-12
 j: 116 T: 0.274E-05 Suc: 14889 Eva:  4999971 CPU:  0.391E+04 SqF: 0.0215
  Rf: 0.00717 Los:0.0483 Dis:0.0000 Per:  0.2062 Sca: 0.395E-12
 j: 117 T: 0.261E-05 Suc: 14889 Eva:  5084838 CPU:  0.397E+04 SqF: 0.0210
  Rf: 0.00704 Los:0.0459 Dis:0.0000 Per:  0.2082 Sca: 0.393E-12
 j: 118 T: 0.248E-05 Suc: 14889 Eva:  5172399 CPU:  0.404E+04 SqF: 0.0208
  Rf: 0.00720 Los:0.0457 Dis:0.0000 Per:  0.2069 Sca: 0.391E-12
 j: 119 T: 0.235E-05 Suc: 14889 Eva:  5260684 CPU:  0.410E+04 SqF: 0.0203
  Rf: 0.00675 Los:0.0439 Dis:0.0000 Per:  0.2088 Sca: 0.386E-12
 j: 120 T: 0.223E-05 Suc: 14889 Eva:  5352562 CPU:  0.417E+04 SqF: 0.0200
  Rf: 0.00657 Los:0.0440 Dis:0.0000 Per:  0.2068 Sca: 0.389E-12
 j: 121 T: 0.212E-05 Suc: 14889 Eva:  5446579 CPU:  0.424E+04 SqF: 0.0195
  Rf: 0.00560 Los:0.0433 Dis:0.0000 Per:  0.2054 Sca: 0.390E-12
 j: 122 T: 0.202E-05 Suc: 14889 Eva:  5543861 CPU:  0.432E+04 SqF: 0.0192
  Rf: 0.00528 Los:0.0432 Dis:0.0000 Per:  0.2060 Sca: 0.388E-12
 j: 123 T: 0.192E-05 Suc: 14889 Eva:  5642519 CPU:  0.439E+04 SqF: 0.0190
  Rf: 0.00619 Los:0.0409 Dis:0.0000 Per:  0.2050 Sca: 0.383E-12
 j: 124 T: 0.182E-05 Suc: 14889 Eva:  5742607 CPU:  0.446E+04 SqF: 0.0188
  Rf: 0.00458 Los:0.0435 Dis:0.0000 Per:  0.2080 Sca: 0.389E-12
 j: 125 T: 0.173E-05 Suc: 14889 Eva:  5849810 CPU:  0.455E+04 SqF: 0.0182
  Rf: 0.00631 Los:0.0368 Dis:0.0000 Per:  0.2089 Sca: 0.378E-12
 j: 126 T: 0.164E-05 Suc: 14889 Eva:  5959112 CPU:  0.463E+04 SqF: 0.0181
  Rf: 0.00555 Los:0.0386 Dis:0.0000 Per:  0.2100 Sca: 0.376E-12
 j: 127 T: 0.156E-05 Suc: 14889 Eva:  6070588 CPU:  0.471E+04 SqF: 0.0179
  Rf: 0.00642 Los:0.0367 Dis:0.0000 Per:  0.2059 Sca: 0.374E-12
 j: 128 T: 0.148E-05 Suc: 14889 Eva:  6185822 CPU:  0.480E+04 SqF: 0.0172
  Rf: 0.00434 Los:0.0367 Dis:0.0000 Per:  0.2075 Sca: 0.377E-12
 j: 129 T: 0.141E-05 Suc: 14889 Eva:  6305696 CPU:  0.489E+04 SqF: 0.0169
  Rf: 0.00525 Los:0.0343 Dis:0.0000 Per:  0.2075 Sca: 0.377E-12
 j: 130 T: 0.134E-05 Suc: 14889 Eva:  6431497 CPU:  0.498E+04 SqF: 0.0167
  Rf: 0.00538 Los:0.0335 Dis:0.0000 Per:  0.2068 Sca: 0.369E-12
 j: 131 T: 0.127E-05 Suc: 14889 Eva:  6563526 CPU:  0.508E+04 SqF: 0.0165
  Rf: 0.00523 Los:0.0332 Dis:0.0000 Per:  0.2077 Sca: 0.368E-12
 j: 132 T: 0.121E-05 Suc: 14889 Eva:  6699582 CPU:  0.519E+04 SqF: 0.0162
  Rf: 0.00393 Los:0.0342 Dis:0.0000 Per:  0.2068 Sca: 0.370E-12
 j: 133 T: 0.115E-05 Suc: 14889 Eva:  6837629 CPU:  0.529E+04 SqF: 0.0160
  Rf: 0.00388 Los:0.0337 Dis:0.0000 Per:  0.2072 Sca: 0.360E-12
 j: 134 T: 0.109E-05 Suc: 14889 Eva:  6980572 CPU:  0.540E+04 SqF: 0.0156
  Rf: 0.00312 Los:0.0330 Dis:0.0000 Per:  0.2072 Sca: 0.373E-12
 j: 135 T: 0.104E-05 Suc: 14889 Eva:  7127940 CPU:  0.551E+04 SqF: 0.0154
  Rf: 0.00401 Los:0.0316 Dis:0.0000 Per:  0.2052 Sca: 0.368E-12
 j: 136 T: 0.983E-06 Suc: 14208 Eva:  7276830 CPU:  0.562E+04 SqF: 0.0148
  Rf: 0.00369 Los:0.0293 Dis:0.0000 Per:  0.2041 Sca: 0.359E-12
 j: 137 T: 0.934E-06 Suc: 13287 Eva:  7425720 CPU:  0.574E+04 SqF: 0.0148
  Rf: 0.00369 Los:0.0293 Dis:0.0000 Per:  0.2041 Sca: 0.359E-12
 j: 138 T: 0.887E-06 Suc: 12651 Eva:  7574610 CPU:  0.585E+04 SqF: 0.0145
  Rf: 0.00414 Los:0.0276 Dis:0.0000 Per:  0.2077 Sca: 0.359E-12
 j: 139 T: 0.843E-06 Suc: 12079 Eva:  7723500 CPU:  0.596E+04 SqF: 0.0144
  Rf: 0.00383 Los:0.0283 Dis:0.0000 Per:  0.2050 Sca: 0.363E-12
 j: 140 T: 0.801E-06 Suc: 11609 Eva:  7872390 CPU:  0.607E+04 SqF: 0.0142
  Rf: 0.00392 Los:0.0271 Dis:0.0000 Per:  0.2073 Sca: 0.360E-12
 j: 141 T: 0.761E-06 Suc: 10731 Eva:  8021280 CPU:  0.619E+04 SqF: 0.0136
  Rf: 0.00350 Los:0.0250 Dis:0.0000 Per:  0.2075 Sca: 0.354E-12
 j: 142 T: 0.723E-06 Suc: 10443 Eva:  8170170 CPU:  0.630E+04 SqF: 0.0136
  Rf: 0.00350 Los:0.0250 Dis:0.0000 Per:  0.2075 Sca: 0.354E-12
 j: 143 T: 0.687E-06 Suc:  9931 Eva:  8319060 CPU:  0.642E+04 SqF: 0.0134
  Rf: 0.00266 Los:0.0258 Dis:0.0000 Per:  0.2044 Sca: 0.356E-12
 j: 144 T: 0.652E-06 Suc:  8982 Eva:  8467950 CPU:  0.653E+04 SqF: 0.0132
  Rf: 0.00269 Los:0.0255 Dis:0.0000 Per:  0.2048 Sca: 0.357E-12
 j: 145 T: 0.620E-06 Suc:  8564 Eva:  8616840 CPU:  0.664E+04 SqF: 0.0131
  Rf: 0.00263 Los:0.0255 Dis:0.0000 Per:  0.2051 Sca: 0.354E-12
 j: 146 T: 0.589E-06 Suc:  7764 Eva:  8765730 CPU:  0.676E+04 SqF: 0.0131
  Rf: 0.00268 Los:0.0256 Dis:0.0000 Per:  0.2040 Sca: 0.354E-12
 j: 147 T: 0.559E-06 Suc:  7333 Eva:  8914620 CPU:  0.687E+04 SqF: 0.0127
  Rf: 0.00278 Los:0.0238 Dis:0.0000 Per:  0.2038 Sca: 0.355E-12
 j: 148 T: 0.531E-06 Suc:  7104 Eva:  9063510 CPU:  0.698E+04 SqF: 0.0124
  Rf: 0.00253 Los:0.0229 Dis:0.0000 Per:  0.2052 Sca: 0.350E-12
 j: 149 T: 0.505E-06 Suc:  6761 Eva:  9212400 CPU:  0.710E+04 SqF: 0.0124
  Rf: 0.00253 Los:0.0229 Dis:0.0000 Per:  0.2052 Sca: 0.350E-12
 j: 150 T: 0.480E-06 Suc:  6027 Eva:  9361290 CPU:  0.721E+04 SqF: 0.0122
  Rf: 0.00228 Los:0.0227 Dis:0.0000 Per:  0.2046 Sca: 0.353E-12
 j: 151 T: 0.456E-06 Suc:  5614 Eva:  9510180 CPU:  0.732E+04 SqF: 0.0120
  Rf: 0.00224 Los:0.0224 Dis:0.0000 Per:  0.2056 Sca: 0.351E-12
 j: 152 T: 0.433E-06 Suc:  5583 Eva:  9659070 CPU:  0.744E+04 SqF: 0.0119
  Rf: 0.00202 Los:0.0222 Dis:0.0000 Per:  0.2050 Sca: 0.349E-12
 j: 153 T: 0.411E-06 Suc:  4850 Eva:  9807960 CPU:  0.755E+04 SqF: 0.0119
  Rf: 0.00239 Los:0.0220 Dis:0.0000 Per:  0.2050 Sca: 0.348E-12
 j: 154 T: 0.391E-06 Suc:  4704 Eva:  9956850 CPU:  0.767E+04 SqF: 0.0117
  Rf: 0.00248 Los:0.0213 Dis:0.0000 Per:  0.2048 Sca: 0.346E-12
 j: 155 T: 0.371E-06 Suc:  4248 Eva: 10105740 CPU:  0.778E+04 SqF: 0.0114
  Rf: 0.00224 Los:0.0203 Dis:0.0000 Per:  0.2042 Sca: 0.343E-12
 j: 156 T: 0.352E-06 Suc:  3974 Eva: 10254630 CPU:  0.789E+04 SqF: 0.0114
  Rf: 0.00233 Los:0.0204 Dis:0.0000 Per:  0.2048 Sca: 0.345E-12
 j: 157 T: 0.335E-06 Suc:  3586 Eva: 10403520 CPU:  0.801E+04 SqF: 0.0111
  Rf: 0.00223 Los:0.0194 Dis:0.0000 Per:  0.2048 Sca: 0.344E-12
 j: 158 T: 0.318E-06 Suc:  3125 Eva: 10552410 CPU:  0.812E+04 SqF: 0.0110
  Rf: 0.00202 Los:0.0196 Dis:0.0000 Per:  0.2053 Sca: 0.342E-12
 j: 159 T: 0.302E-06 Suc:  3207 Eva: 10701300 CPU:  0.824E+04 SqF: 0.0110
  Rf: 0.00224 Los:0.0192 Dis:0.0000 Per:  0.2070 Sca: 0.345E-12
 j: 160 T: 0.287E-06 Suc:  2832 Eva: 10850190 CPU:  0.835E+04 SqF: 0.0107
  Rf: 0.00210 Los:0.0186 Dis:0.0000 Per:  0.2073 Sca: 0.343E-12
 j: 161 T: 0.273E-06 Suc:  2445 Eva: 10999080 CPU:  0.846E+04 SqF: 0.0107
  Rf: 0.00210 Los:0.0186 Dis:0.0000 Per:  0.2059 Sca: 0.340E-12
 j: 162 T: 0.259E-06 Suc:  2254 Eva: 11147970 CPU:  0.858E+04 SqF: 0.0104
  Rf: 0.00154 Los:0.0180 Dis:0.0000 Per:  0.2050 Sca: 0.338E-12
 j: 163 T: 0.246E-06 Suc:  2129 Eva: 11296860 CPU:  0.869E+04 SqF: 0.0104
  Rf: 0.00154 Los:0.0180 Dis:0.0000 Per:  0.2050 Sca: 0.338E-12
 j: 164 T: 0.234E-06 Suc:  1716 Eva: 11445750 CPU:  0.881E+04 SqF: 0.0103
  Rf: 0.00178 Los:0.0177 Dis:0.0000 Per:  0.2048 Sca: 0.340E-12
 j: 165 T: 0.222E-06 Suc:  1350 Eva: 11594640 CPU:  0.892E+04 SqF: 0.0103
  Rf: 0.00178 Los:0.0177 Dis:0.0000 Per:  0.2048 Sca: 0.340E-12
 j: 166 T: 0.211E-06 Suc:  1445 Eva: 11743530 CPU:  0.904E+04 SqF: 0.0101
  Rf: 0.00168 Los:0.0172 Dis:0.0000 Per:  0.2048 Sca: 0.339E-12
 j: 167 T: 0.201E-06 Suc:  1289 Eva: 11892420 CPU:  0.915E+04 SqF: 0.0101
  Rf: 0.00147 Los:0.0174 Dis:0.0000 Per:  0.2054 Sca: 0.337E-12
 j: 168 T: 0.190E-06 Suc:  1074 Eva: 12041310 CPU:  0.927E+04 SqF: 0.0100
  Rf: 0.00155 Los:0.0171 Dis:0.0000 Per:  0.2057 Sca: 0.337E-12
 j: 169 T: 0.181E-06 Suc:   893 Eva: 12190200 CPU:  0.938E+04 SqF: 0.0099
  Rf: 0.00165 Los:0.0170 Dis:0.0000 Per:  0.2051 Sca: 0.338E-12
 j: 170 T: 0.172E-06 Suc:   794 Eva: 12339090 CPU:  0.950E+04 SqF: 0.0099
  Rf: 0.00182 Los:0.0169 Dis:0.0000 Per:  0.2054 Sca: 0.336E-12
 j: 171 T: 0.163E-06 Suc:   768 Eva: 12487980 CPU:  0.961E+04 SqF: 0.0097
  Rf: 0.00145 Los:0.0164 Dis:0.0000 Per:  0.2052 Sca: 0.335E-12
 j: 172 T: 0.155E-06 Suc:   498 Eva: 12636870 CPU:  0.973E+04 SqF: 0.0097
  Rf: 0.00164 Los:0.0162 Dis:0.0000 Per:  0.2052 Sca: 0.335E-12
 j: 173 T: 0.147E-06 Suc:   426 Eva: 12785760 CPU:  0.984E+04 SqF: 0.0096
  Rf: 0.00168 Los:0.0160 Dis:0.0000 Per:  0.2055 Sca: 0.334E-12
 j: 174 T: 0.140E-06 Suc:   483 Eva: 12934650 CPU:  0.995E+04 SqF: 0.0096
  Rf: 0.00168 Los:0.0160 Dis:0.0000 Per:  0.2055 Sca: 0.334E-12
 j: 175 T: 0.133E-06 Suc:   379 Eva: 13083540 CPU:  0.101E+05 SqF: 0.0095
  Rf: 0.00166 Los:0.0158 Dis:0.0000 Per:  0.2050 Sca: 0.333E-12
 j: 176 T: 0.126E-06 Suc:   238 Eva: 13232430 CPU:  0.102E+05 SqF: 0.0095
  Rf: 0.00145 Los:0.0159 Dis:0.0000 Per:  0.2050 Sca: 0.333E-12
 j: 177 T: 0.120E-06 Suc:   219 Eva: 13381320 CPU:  0.103E+05 SqF: 0.0094
  Rf: 0.00150 Los:0.0159 Dis:0.0000 Per:  0.2054 Sca: 0.333E-12
 j: 178 T: 0.114E-06 Suc:   167 Eva: 13530210 CPU:  0.104E+05 SqF: 0.0094
  Rf: 0.00138 Los:0.0160 Dis:0.0000 Per:  0.2052 Sca: 0.335E-12
 j: 179 T: 0.108E-06 Suc:   150 Eva: 13679100 CPU:  0.105E+05 SqF: 0.0094
  Rf: 0.00126 Los:0.0160 Dis:0.0000 Per:  0.2052 Sca: 0.335E-12
 j: 180 T: 0.103E-06 Suc:   214 Eva: 13827990 CPU:  0.106E+05 SqF: 0.0093
  Rf: 0.00144 Los:0.0155 Dis:0.0000 Per:  0.2050 Sca: 0.333E-12
 j: 181 T: 0.978E-07 Suc:   176 Eva: 13976880 CPU:  0.108E+05 SqF: 0.0092
  Rf: 0.00141 Los:0.0155 Dis:0.0000 Per:  0.2051 Sca: 0.333E-12
 j: 182 T: 0.929E-07 Suc:    41 Eva: 14125770 CPU:  0.109E+05 SqF: 0.0092
  Rf: 0.00138 Los:0.0155 Dis:0.0000 Per:  0.2050 Sca: 0.333E-12

 Final Chi^2 against raw data ........................... : 1.108

     ===== DAMMIN finished at   15-Oct-2019   21:52:24
